05-28 21:35:30.906  INFO org.kie.api.internal.utils.ServiceDiscoveryImpl:107 [main] Loading kie.conf from  
05-28 21:35:30.926  INFO org.kie.api.internal.utils.ServiceDiscoveryImpl:117 [main] Discovered kie.conf url=jar:file:/home/jessin/Documents/Program/JarRepository/org/drools/drools-compiler/7.7.0.Final/drools-compiler-7.7.0.Final.jar!/META-INF/kie.conf 
05-28 21:35:31.053  INFO org.kie.api.internal.utils.ServiceDiscoveryImpl:158 [main] Adding Service org.drools.compiler.kie.builder.impl.KieServicesImpl

05-28 21:35:31.065  INFO org.kie.api.internal.utils.ServiceDiscoveryImpl:158 [main] Adding Service org.drools.compiler.builder.impl.KnowledgeBuilderFactoryServiceImpl

05-28 21:35:31.069  INFO org.kie.api.internal.utils.ServiceDiscoveryImpl:107 [main] Loading kie.conf from  
05-28 21:35:31.070  INFO org.kie.api.internal.utils.ServiceDiscoveryImpl:117 [main] Discovered kie.conf url=jar:file:/home/jessin/Documents/Program/JarRepository/org/drools/drools-core/7.7.0.Final/drools-core-7.7.0.Final.jar!/META-INF/kie.conf 
05-28 21:35:31.076  INFO org.kie.api.internal.utils.ServiceDiscoveryImpl:158 [main] Adding Service org.drools.core.io.impl.ResourceFactoryServiceImpl

05-28 21:35:31.079  INFO org.kie.api.internal.utils.ServiceDiscoveryImpl:158 [main] Adding Service org.drools.core.marshalling.impl.MarshallerProviderImpl

05-28 21:35:31.081  INFO org.kie.api.internal.utils.ServiceDiscoveryImpl:158 [main] Adding Service org.drools.core.concurrent.ExecutorProviderImpl

05-28 21:35:31.085  INFO org.kie.api.internal.utils.ServiceDiscoveryImpl:107 [main] Loading kie.conf from  
05-28 21:35:31.088  INFO org.kie.api.internal.utils.ServiceDiscoveryImpl:117 [main] Discovered kie.conf url=jar:file:/home/jessin/Documents/Program/JarRepository/org/kie/kie-internal/7.7.0.Final/kie-internal-7.7.0.Final.jar!/META-INF/kie.conf 
05-28 21:35:31.090  INFO org.kie.api.internal.utils.ServiceDiscoveryImpl:158 [main] Adding Service org.kie.internal.services.KieWeaversImpl

05-28 21:35:31.091  INFO org.kie.api.internal.utils.ServiceDiscoveryImpl:158 [main] Adding Service org.kie.internal.services.KieBeliefsImpl

05-28 21:35:31.100  INFO org.kie.api.internal.utils.ServiceDiscoveryImpl:158 [main] Adding Service org.kie.internal.services.KieAssemblersImpl

05-28 21:35:31.104  INFO org.kie.api.internal.utils.ServiceDiscoveryImpl:158 [main] Adding Service org.kie.internal.services.KieRuntimesImpl

05-28 21:35:33.970  INFO org.drools.compiler.kie.builder.impl.KieRepositoryImpl:111 [main] KieModule was added: MemoryKieModule[releaseId=org.drools:kiemodulemodel-example:6.0.0-SNAPSHOT]
05-28 21:35:33.972 DEBUG org.drools.compiler.kie.builder.impl.KieRepositoryImpl:89 [main] Cannot load a KieRepositoryScanner, using the DummyKieScanner
05-28 21:35:34.196 DEBUG org.drools.core.common.DefaultAgenda:1389 [main] State was INACTIVE is now FIRING_ALL_RULES
05-28 21:35:34.256 DEBUG org.drools.core.common.DefaultAgenda:1389 [main] State was FIRING_ALL_RULES is now HALTING
05-28 21:35:34.257 DEBUG org.drools.core.common.DefaultAgenda:1389 [main] State was HALTING is now INACTIVE
