02-01 11:50:23.510  INFO org.drools.compiler.kie.builder.impl.ClasspathKieProject:131 [main] Found kmodule: file:/home/jessin/Documents/Program/Java/spring_drools/target/classes/META-INF/kmodule.xml
02-01 11:50:23.524 DEBUG org.drools.compiler.kie.builder.impl.ClasspathKieProject:400 [main] KieModule URL type=file url=/home/jessin/Documents/Program/Java/spring_drools/target/classes
02-01 11:50:24.011  WARN org.drools.compiler.kie.builder.impl.ClasspathKieProject:289 [main] Unable to find pom.properties in /home/jessin/Documents/Program/Java/spring_drools/target/classes
02-01 11:50:24.019  INFO org.drools.compiler.kie.builder.impl.ClasspathKieProject:331 [main] Recursed up folders, found and used pom.xml /home/jessin/Documents/Program/Java/spring_drools/pom.xml
02-01 11:50:24.022 DEBUG org.drools.compiler.kie.builder.impl.ClasspathKieProject:118 [main] Discovered classpath module com.jessin.practice:spring_drools:1.0.0-SNAPSHOT
02-01 11:50:24.031  INFO org.drools.compiler.kie.builder.impl.KieRepositoryImpl:113 [main] KieModule was added: FileKieModule[releaseId=com.jessin.practice:spring_drools:1.0.0-SNAPSHOT,file=/home/jessin/Documents/Program/Java/spring_drools/target/classes]
02-01 11:50:25.096 DEBUG org.drools.core.impl.KnowledgeBaseImpl:196 [main] Starting Engine in PHREAK mode
02-01 11:59:11.035  INFO org.drools.compiler.kie.builder.impl.ClasspathKieProject:131 [main] Found kmodule: file:/home/jessin/Documents/Program/Java/spring_drools/target/classes/META-INF/kmodule.xml
02-01 11:59:11.039 DEBUG org.drools.compiler.kie.builder.impl.ClasspathKieProject:400 [main] KieModule URL type=file url=/home/jessin/Documents/Program/Java/spring_drools/target/classes
02-01 11:59:11.477  WARN org.drools.compiler.kie.builder.impl.ClasspathKieProject:289 [main] Unable to find pom.properties in /home/jessin/Documents/Program/Java/spring_drools/target/classes
02-01 11:59:11.490  INFO org.drools.compiler.kie.builder.impl.ClasspathKieProject:331 [main] Recursed up folders, found and used pom.xml /home/jessin/Documents/Program/Java/spring_drools/pom.xml
02-01 11:59:11.495 DEBUG org.drools.compiler.kie.builder.impl.ClasspathKieProject:118 [main] Discovered classpath module com.jessin.practice:spring_drools:1.0.0-SNAPSHOT
02-01 11:59:11.504  INFO org.drools.compiler.kie.builder.impl.KieRepositoryImpl:113 [main] KieModule was added: FileKieModule[releaseId=com.jessin.practice:spring_drools:1.0.0-SNAPSHOT,file=/home/jessin/Documents/Program/Java/spring_drools/target/classes]
02-01 11:59:13.299 DEBUG org.drools.core.impl.KnowledgeBaseImpl:196 [main] Starting Engine in PHREAK mode
02-01 12:00:09.219  INFO org.drools.compiler.kie.builder.impl.ClasspathKieProject:131 [main] Found kmodule: file:/home/jessin/Documents/Program/Java/spring_drools/target/classes/META-INF/kmodule.xml
02-01 12:00:09.223 DEBUG org.drools.compiler.kie.builder.impl.ClasspathKieProject:400 [main] KieModule URL type=file url=/home/jessin/Documents/Program/Java/spring_drools/target/classes
02-01 12:00:09.608  WARN org.drools.compiler.kie.builder.impl.ClasspathKieProject:289 [main] Unable to find pom.properties in /home/jessin/Documents/Program/Java/spring_drools/target/classes
02-01 12:00:09.617  INFO org.drools.compiler.kie.builder.impl.ClasspathKieProject:331 [main] Recursed up folders, found and used pom.xml /home/jessin/Documents/Program/Java/spring_drools/pom.xml
02-01 12:00:09.620 DEBUG org.drools.compiler.kie.builder.impl.ClasspathKieProject:118 [main] Discovered classpath module com.jessin.practice:spring_drools:1.0.0-SNAPSHOT
02-01 12:00:09.627  INFO org.drools.compiler.kie.builder.impl.KieRepositoryImpl:113 [main] KieModule was added: FileKieModule[releaseId=com.jessin.practice:spring_drools:1.0.0-SNAPSHOT,file=/home/jessin/Documents/Program/Java/spring_drools/target/classes]
02-01 12:00:11.125 DEBUG org.drools.core.impl.KnowledgeBaseImpl:196 [main] Starting Engine in PHREAK mode
